<?xml version="1.0" encoding="UTF-8"?>
<!-- Generated by org.testng.reporters.JUnitXMLReporter -->
<testsuite ignored="0" hostname="DESKTOP-OJM9SKA" failures="6" tests="6" name="Search" time="151.556" errors="0" timestamp="01 Jan 2024 13:36:53 GMT">
  <testcase classname="com.clinic.testcases.TestCase_Search" name="search_TC" time="10.962">
    <failure type="java.lang.NumberFormatException" message="For input string: &amp;quot;&amp;quot;">
      <![CDATA[java.lang.NumberFormatException: For input string: ""
	at java.base/java.lang.NumberFormatException.forInputString(NumberFormatException.java:65)
	at java.base/java.lang.Integer.parseInt(Integer.java:662)
	at java.base/java.lang.Integer.parseInt(Integer.java:770)
	at com.clinic.testcases.TestCase_Search.search_TC(TestCase_Search.java:44)
... Removed 25 stack frames]]>
    </failure>
  </testcase> <!-- search_TC -->
  <testcase classname="com.clinic.testcases.TestCase_Search" name="search_TC" time="3.161">
    <failure type="org.openqa.selenium.NoSuchElementException" message="Unable to locate element: //h1[text()=&amp;apos;Log in to Spotify&amp;apos;]
For documentation on this error, please visit: https://selenium.dev/exceptions/#no_such_element
Build info: version: &amp;apos;4.7.0&amp;apos;, revision: &amp;apos;0a5b49d16f&amp;apos;
System info: os.name: &amp;apos;Windows 10&amp;apos;, os.arch: &amp;apos;amd64&amp;apos;, os.version: &amp;apos;10.0&amp;apos;, java.version: &amp;apos;11.0.21&amp;apos;
Driver info: org.openqa.selenium.firefox.FirefoxDriver
Command: [31b2f49a-874b-4b7b-8b7c-4f1787edf6a5, findElement {using=xpath, value=//h1[text()=&amp;apos;Log in to Spotify&amp;apos;]}]
Capabilities {acceptInsecureCerts: true, browserName: firefox, browserVersion: 121.0, moz:accessibilityChecks: false, moz:buildID: 20231211174248, moz:debuggerAddress: 127.0.0.1:5747, moz:geckodriverVersion: 0.33.0, moz:headless: false, moz:platformVersion: 10.0, moz:processID: 11820, moz:profile: C:\Users\HUY.NX183556\AppDa..., moz:shutdownTimeout: 60000, moz:webdriverClick: true, moz:windowless: false, pageLoadStrategy: normal, platformName: WINDOWS, proxy: Proxy(), se:cdp: ws://127.0.0.1:5747/devtool..., se:cdpVersion: 85.0, setWindowRect: true, strictFileInteractability: false, timeouts: {implicit: 0, pageLoad: 300000, script: 30000}, unhandledPromptBehavior: dismiss and notify}
Session ID: 31b2f49a-874b-4b7b-8b7c-4f1787edf6a5">
      <![CDATA[org.openqa.selenium.NoSuchElementException: Unable to locate element: //h1[text()='Log in to Spotify']
For documentation on this error, please visit: https://selenium.dev/exceptions/#no_such_element
Build info: version: '4.7.0', revision: '0a5b49d16f'
System info: os.name: 'Windows 10', os.arch: 'amd64', os.version: '10.0', java.version: '11.0.21'
Driver info: org.openqa.selenium.firefox.FirefoxDriver
Command: [31b2f49a-874b-4b7b-8b7c-4f1787edf6a5, findElement {using=xpath, value=//h1[text()='Log in to Spotify']}]
Capabilities {acceptInsecureCerts: true, browserName: firefox, browserVersion: 121.0, moz:accessibilityChecks: false, moz:buildID: 20231211174248, moz:debuggerAddress: 127.0.0.1:5747, moz:geckodriverVersion: 0.33.0, moz:headless: false, moz:platformVersion: 10.0, moz:processID: 11820, moz:profile: C:\Users\HUY.NX183556\AppDa..., moz:shutdownTimeout: 60000, moz:webdriverClick: true, moz:windowless: false, pageLoadStrategy: normal, platformName: WINDOWS, proxy: Proxy(), se:cdp: ws://127.0.0.1:5747/devtool..., se:cdpVersion: 85.0, setWindowRect: true, strictFileInteractability: false, timeouts: {implicit: 0, pageLoad: 300000, script: 30000}, unhandledPromptBehavior: dismiss and notify}
Session ID: 31b2f49a-874b-4b7b-8b7c-4f1787edf6a5
	at org.openqa.selenium.remote.codec.w3c.W3CHttpResponseCodec.createException(W3CHttpResponseCodec.java:200)
	at org.openqa.selenium.remote.codec.w3c.W3CHttpResponseCodec.decode(W3CHttpResponseCodec.java:133)
	at org.openqa.selenium.remote.codec.w3c.W3CHttpResponseCodec.decode(W3CHttpResponseCodec.java:53)
	at org.openqa.selenium.remote.HttpCommandExecutor.execute(HttpCommandExecutor.java:184)
	at org.openqa.selenium.remote.service.DriverCommandExecutor.invokeExecute(DriverCommandExecutor.java:167)
	at org.openqa.selenium.remote.service.DriverCommandExecutor.execute(DriverCommandExecutor.java:142)
	at org.openqa.selenium.remote.RemoteWebDriver.execute(RemoteWebDriver.java:541)
	at org.openqa.selenium.remote.ElementLocation$ElementFinder$2.findElement(ElementLocation.java:162)
	at org.openqa.selenium.remote.ElementLocation.findElement(ElementLocation.java:60)
	at org.openqa.selenium.remote.RemoteWebDriver.findElement(RemoteWebDriver.java:365)
	at org.openqa.selenium.remote.RemoteWebDriver.findElement(RemoteWebDriver.java:357)
	at com.clinic.core.KeyWordWeb.verifyElementPresent(KeyWordWeb.java:132)
	at com.clinic.pageelement.Common.verifyPageDisplay(Common.java:36)
	at com.clinic.pageelement.HomePage.goToPage(HomePage.java:45)
	at com.clinic.testcases.TestCase_Search.signInMainPage(TestCase_Search.java:52)
	at com.clinic.testcases.TestCase_Search.search_TC(TestCase_Search.java:28)
... Removed 29 stack frames]]>
    </failure>
  </testcase> <!-- search_TC -->
  <testcase classname="com.clinic.testcases.TestCase_Search" name="search_TC" time="10.379">
    <failure type="java.lang.NumberFormatException" message="For input string: &amp;quot;&amp;quot;">
      <![CDATA[java.lang.NumberFormatException: For input string: ""
	at java.base/java.lang.NumberFormatException.forInputString(NumberFormatException.java:65)
	at java.base/java.lang.Integer.parseInt(Integer.java:662)
	at java.base/java.lang.Integer.parseInt(Integer.java:770)
	at com.clinic.testcases.TestCase_Search.search_TC(TestCase_Search.java:44)
... Removed 25 stack frames]]>
    </failure>
  </testcase> <!-- search_TC -->
  <testcase classname="com.clinic.testcases.TestCase_Search" name="search_TC" time="10.958">
    <failure type="java.lang.NumberFormatException" message="For input string: &amp;quot;&amp;quot;">
      <![CDATA[java.lang.NumberFormatException: For input string: ""
	at java.base/java.lang.NumberFormatException.forInputString(NumberFormatException.java:65)
	at java.base/java.lang.Integer.parseInt(Integer.java:662)
	at java.base/java.lang.Integer.parseInt(Integer.java:770)
	at com.clinic.testcases.TestCase_Search.search_TC(TestCase_Search.java:44)
... Removed 25 stack frames]]>
    </failure>
  </testcase> <!-- search_TC -->
  <testcase classname="com.clinic.testcases.TestCase_Search" name="search_TC" time="10.267">
    <failure type="java.lang.NumberFormatException" message="For input string: &amp;quot;&amp;quot;">
      <![CDATA[java.lang.NumberFormatException: For input string: ""
	at java.base/java.lang.NumberFormatException.forInputString(NumberFormatException.java:65)
	at java.base/java.lang.Integer.parseInt(Integer.java:662)
	at java.base/java.lang.Integer.parseInt(Integer.java:770)
	at com.clinic.testcases.TestCase_Search.search_TC(TestCase_Search.java:44)
... Removed 25 stack frames]]>
    </failure>
  </testcase> <!-- search_TC -->
  <testcase classname="com.clinic.testcases.TestCase_Search" name="search_TC" time="9.806">
    <failure type="java.lang.NumberFormatException" message="For input string: &amp;quot;&amp;quot;">
      <![CDATA[java.lang.NumberFormatException: For input string: ""
	at java.base/java.lang.NumberFormatException.forInputString(NumberFormatException.java:65)
	at java.base/java.lang.Integer.parseInt(Integer.java:662)
	at java.base/java.lang.Integer.parseInt(Integer.java:770)
	at com.clinic.testcases.TestCase_Search.search_TC(TestCase_Search.java:44)
... Removed 25 stack frames]]>
    </failure>
  </testcase> <!-- search_TC -->
</testsuite> <!-- Search -->
